<?xml version="1.0" encoding="UTF-8"?>
<testng-results ignored="0" total="3" passed="2" failed="1" skipped="0">
  <reporter-output>
  </reporter-output>
  <suite started-at="2021-10-29T19:53:24 PDT" name="Default suite" finished-at="2021-10-29T19:53:55 PDT" duration-ms="31441">
    <groups>
    </groups>
    <test started-at="2021-10-29T19:53:24 PDT" name="Default test" finished-at="2021-10-29T19:53:55 PDT" duration-ms="31441">
      <class name="com.OrangeHRM.testCases.AddUser">
        <test-method is-config="true" signature="setup()[pri:0, instance:com.OrangeHRM.testCases.AddUser@30990c1b]" started-at="2021-10-29T19:53:24 PDT" name="setup" finished-at="2021-10-29T19:53:32 PDT" duration-ms="8475" status="PASS">
          <reporter-output>
          </reporter-output>
        </test-method> <!-- setup -->
        <test-method signature="TC02_TableSorting()[pri:1, instance:com.OrangeHRM.testCases.AddUser@30990c1b]" started-at="2021-10-29T19:53:32 PDT" name="TC02_TableSorting" finished-at="2021-10-29T19:53:41 PDT" duration-ms="9145" status="FAIL">
          <exception class="java.lang.AssertionError">
            <message>
              <![CDATA[expected [true] but found [false]]]>
            </message>
            <full-stacktrace>
              <![CDATA[java.lang.AssertionError: expected [true] but found [false]
at org.testng.Assert.fail(Assert.java:99)
at org.testng.Assert.failNotEquals(Assert.java:1037)
at org.testng.Assert.assertTrue(Assert.java:45)
at org.testng.Assert.assertTrue(Assert.java:55)
at com.OrangeHRM.testCases.AddUser.sortingColumn(AddUser.java:150)
at com.OrangeHRM.testCases.AddUser.TC02_TableSorting(AddUser.java:112)
at java.base/jdk.internal.reflect.NativeMethodAccessorImpl.invoke0(Native Method)
at java.base/jdk.internal.reflect.NativeMethodAccessorImpl.invoke(NativeMethodAccessorImpl.java:78)
at java.base/jdk.internal.reflect.DelegatingMethodAccessorImpl.invoke(DelegatingMethodAccessorImpl.java:43)
at java.base/java.lang.reflect.Method.invoke(Method.java:567)
at org.testng.internal.MethodInvocationHelper.invokeMethod(MethodInvocationHelper.java:133)
at org.testng.internal.TestInvoker.invokeMethod(TestInvoker.java:598)
at org.testng.internal.TestInvoker.invokeTestMethod(TestInvoker.java:173)
at org.testng.internal.MethodRunner.runInSequence(MethodRunner.java:46)
at org.testng.internal.TestInvoker$MethodInvocationAgent.invoke(TestInvoker.java:824)
at org.testng.internal.TestInvoker.invokeTestMethods(TestInvoker.java:146)
at org.testng.internal.TestMethodWorker.invokeTestMethods(TestMethodWorker.java:146)
at org.testng.internal.TestMethodWorker.run(TestMethodWorker.java:128)
at java.base/java.util.ArrayList.forEach(ArrayList.java:1511)
at org.testng.TestRunner.privateRun(TestRunner.java:794)
at org.testng.TestRunner.run(TestRunner.java:596)
at org.testng.SuiteRunner.runTest(SuiteRunner.java:377)
at org.testng.SuiteRunner.runSequentially(SuiteRunner.java:371)
at org.testng.SuiteRunner.privateRun(SuiteRunner.java:332)
at org.testng.SuiteRunner.run(SuiteRunner.java:276)
at org.testng.SuiteRunnerWorker.runSuite(SuiteRunnerWorker.java:53)
at org.testng.SuiteRunnerWorker.run(SuiteRunnerWorker.java:96)
at org.testng.TestNG.runSuitesSequentially(TestNG.java:1212)
at org.testng.TestNG.runSuitesLocally(TestNG.java:1134)
at org.testng.TestNG.runSuites(TestNG.java:1063)
at org.testng.TestNG.run(TestNG.java:1031)
at org.testng.remote.AbstractRemoteTestNG.run(AbstractRemoteTestNG.java:115)
at org.testng.remote.RemoteTestNG.initAndRun(RemoteTestNG.java:251)
at org.testng.remote.RemoteTestNG.main(RemoteTestNG.java:77)
]]>
            </full-stacktrace>
          </exception> <!-- java.lang.AssertionError -->
          <reporter-output>
          </reporter-output>
        </test-method> <!-- TC02_TableSorting -->
        <test-method signature="TC03_Fetch_EmpName_Of_Particular_User()[pri:2, instance:com.OrangeHRM.testCases.AddUser@30990c1b]" started-at="2021-10-29T19:53:41 PDT" name="TC03_Fetch_EmpName_Of_Particular_User" finished-at="2021-10-29T19:53:42 PDT" duration-ms="697" status="PASS">
          <reporter-output>
          </reporter-output>
        </test-method> <!-- TC03_Fetch_EmpName_Of_Particular_User -->
        <test-method signature="TC04_AddUser()[pri:3, instance:com.OrangeHRM.testCases.AddUser@30990c1b]" started-at="2021-10-29T19:53:42 PDT" name="TC04_AddUser" finished-at="2021-10-29T19:53:54 PDT" duration-ms="11656" status="PASS">
          <reporter-output>
          </reporter-output>
        </test-method> <!-- TC04_AddUser -->
        <test-method is-config="true" signature="tearDown()[pri:0, instance:com.OrangeHRM.testCases.AddUser@30990c1b]" started-at="2021-10-29T19:53:54 PDT" name="tearDown" finished-at="2021-10-29T19:53:55 PDT" duration-ms="1359" status="PASS">
          <reporter-output>
          </reporter-output>
        </test-method> <!-- tearDown -->
      </class> <!-- com.OrangeHRM.testCases.AddUser -->
    </test> <!-- Default test -->
  </suite> <!-- Default suite -->
</testng-results>
